<?xml version="1.0" encoding="UTF-8"?>
<!-- Generated by org.testng.reporters.JUnitXMLReporter -->
<testsuite hostname="ChethanBidare-pc" ignored="0" name="Test" tests="4" failures="1" timestamp="03 Oct 2017 04:58:12 GMT" time="135.894" errors="0">
  <testcase name="CheckItemsAddedToCart" time="46.274" classname="com.Ecolite_Web.Ecolite_Sales.TC_001_VerifyItemsAddedIsPresentInCart"/>
  <testcase name="VerifyCustomerNameInCartPag" time="13.852" classname="com.Ecolite_Web.Ecolite_Sales.TC_002_VerifyCustomerNameInCartPage"/>
  <testcase name="VerifyCustomerNameInCartPag" time="22.345" classname="com.Ecolite_Web.Ecolite_Sales.TC_003_VerifyCustomerNameInCheckOutPage">
    <failure type="java.lang.AssertionError" message="expected [CHETHAN] but found []">
      <![CDATA[java.lang.AssertionError: expected [CHETHAN] but found []
	at com.Ecolite_Web.Ecolite_Sales.TC_003_VerifyCustomerNameInCheckOutPage.VerifyCustomerNameInCartPag(TC_003_VerifyCustomerNameInCheckOutPage.java:51)
... Removed 31 stack frames]]>
    </failure>
  </testcase> <!-- VerifyCustomerNameInCartPag -->
  <testcase name="VerifyStockAfterSale" time="24.156" classname="com.Ecolite_Web.Ecolite_Sales.TC_004_VerifyStockAfterSale"/>
</testsuite> <!-- Test -->
