<?xml version="1.0" encoding="UTF-8"?>
<!-- Generated by org.testng.reporters.JUnitXMLReporter -->
<testsuite hostname="ChethanBidare-pc" ignored="0" name="Test" tests="3" failures="0" timestamp="23 Sep 2017 04:37:17 GMT" time="112.759" errors="0">
  <testcase name="LoginTest" time="7.436" classname="com.Ecolite_Web.Ecolite_Login.TC_001_LoginTest_WithValidData"/>
  <testcase name="AddNewCustomer_Test" time="62.487" classname="com.Ecolite_Web.Ecolite_Masters.TC_001_AddNew_Customer"/>
  <testcase name="AddNewSupplier_Test" time="20.466" classname="com.Ecolite_Web.Ecolite_Masters.TC_002_AddNew_Supplier"/>
</testsuite> <!-- Test -->
