<?xml version="1.0" encoding="UTF-8"?>
<testng-results skipped="0" failed="0" ignored="0" total="0" passed="0">
  <reporter-output>
  </reporter-output>
  <suite name="com.Ecolite_Web.Ecolite_Web.AppTest" duration-ms="2" started-at="2017-09-21T06:01:09Z" finished-at="2017-09-21T06:01:09Z">
    <groups>
    </groups>
    <test name="Command line test" duration-ms="2" started-at="2017-09-21T06:01:09Z" finished-at="2017-09-21T06:01:09Z">
    </test> <!-- Command line test -->
  </suite> <!-- com.Ecolite_Web.Ecolite_Web.AppTest -->
</testng-results>
